<?xml version="1.0" encoding="UTF-8"?>
<!-- Generated by org.testng.reporters.JUnitXMLReporter -->
<testsuite ignored="0" hostname="DESKTOP-HIN4ESK" failures="12" tests="15" name="Test7" time="261.8" errors="0" timestamp="2024-09-20T09:26:52 IST">
  <testcase classname="Test.LoginTest" name="logintest" time="12.001"/>
  <testcase classname="Test.LoginTest" name="logintest" time="9.316"/>
  <testcase classname="Test.LoginTest" name="logintest" time="47.792">
    <failure type="org.openqa.selenium.TimeoutException" message="Expected condition failed: waiting for visibility of element located by By.xpath: //h1[.=&amp;apos;Verify Your Account&amp;apos;] (tried for 40 second(s) with 500 milliseconds interval)
Build info: version: &amp;apos;4.18.1&amp;apos;, revision: &amp;apos;b1d3319b48&amp;apos;
System info: os.name: &amp;apos;Windows 11&amp;apos;, os.arch: &amp;apos;amd64&amp;apos;, os.version: &amp;apos;10.0&amp;apos;, java.version: &amp;apos;22.0.1&amp;apos;
Driver info: org.openqa.selenium.firefox.FirefoxDriver
Capabilities {acceptInsecureCerts: true, browserName: firefox, browserVersion: 130.0.1, moz:accessibilityChecks: false, moz:buildID: 20240913135723, moz:geckodriverVersion: 0.35.0, moz:headless: false, moz:platformVersion: 10.0, moz:processID: 36896, moz:profile: C:\Users\harin\AppData\Loca..., moz:shutdownTimeout: 60000, moz:webdriverClick: true, moz:windowless: false, pageLoadStrategy: normal, platformName: windows, proxy: Proxy(), setWindowRect: true, strictFileInteractability: false, timeouts: {implicit: 0, pageLoad: 300000, script: 30000}, unhandledPromptBehavior: dismiss and notify, userAgent: Mozilla/5.0 (Windows NT 10....}
Session ID: ce9da494-0ddf-4dc6-9434-8e947db659fe">
      <![CDATA[org.openqa.selenium.TimeoutException: Expected condition failed: waiting for visibility of element located by By.xpath: //h1[.='Verify Your Account'] (tried for 40 second(s) with 500 milliseconds interval)
Build info: version: '4.18.1', revision: 'b1d3319b48'
System info: os.name: 'Windows 11', os.arch: 'amd64', os.version: '10.0', java.version: '22.0.1'
Driver info: org.openqa.selenium.firefox.FirefoxDriver
Capabilities {acceptInsecureCerts: true, browserName: firefox, browserVersion: 130.0.1, moz:accessibilityChecks: false, moz:buildID: 20240913135723, moz:geckodriverVersion: 0.35.0, moz:headless: false, moz:platformVersion: 10.0, moz:processID: 36896, moz:profile: C:\Users\harin\AppData\Loca..., moz:shutdownTimeout: 60000, moz:webdriverClick: true, moz:windowless: false, pageLoadStrategy: normal, platformName: windows, proxy: Proxy(), setWindowRect: true, strictFileInteractability: false, timeouts: {implicit: 0, pageLoad: 300000, script: 30000}, unhandledPromptBehavior: dismiss and notify, userAgent: Mozilla/5.0 (Windows NT 10....}
Session ID: ce9da494-0ddf-4dc6-9434-8e947db659fe
at org.openqa.selenium.support.ui.WebDriverWait.timeoutException(WebDriverWait.java:84)
at org.openqa.selenium.support.ui.FluentWait.until(FluentWait.java:228)
at Utility.utils.actandexpec(utils.java:165)
at Test.LoginTest.logintest(LoginTest.java:32)
at java.base/java.util.ArrayList.forEach(ArrayList.java:1597)
... Removed 25 stack frames]]>
    </failure>
  </testcase> <!-- logintest -->
  <testcase classname="Test.LoginTest" name="logintest" time="17.243"/>
  <testcase classname="Test.Topmenutest" name="tomenu" time="17.469">
    <failure type="java.lang.AssertionError" message="expected [Best Buy Credit Card: Rewards &amp;amp; Financing] but found [Best Buy | Official Online Store | Shop Now &amp;amp; Save]">
      <![CDATA[java.lang.AssertionError: expected [Best Buy Credit Card: Rewards & Financing] but found [Best Buy | Official Online Store | Shop Now & Save]
at Page.Topmenupage.elementselect(Topmenupage.java:89)
at Test.Topmenutest.tomenu(Topmenutest.java:27)
at java.base/java.util.ArrayList.forEach(ArrayList.java:1597)
... Removed 31 stack frames]]>
    </failure>
  </testcase> <!-- tomenu -->
  <testcase classname="Test.Topmenutest" name="tomenu" time="17.393">
    <failure type="java.lang.AssertionError" message="expected [Gifts Cards and E-Gift Cards - Best Buy] but found [Best Buy | Official Online Store | Shop Now &amp;amp; Save]">
      <![CDATA[java.lang.AssertionError: expected [Gifts Cards and E-Gift Cards - Best Buy] but found [Best Buy | Official Online Store | Shop Now & Save]
at Page.Topmenupage.elementselect(Topmenupage.java:89)
at Test.Topmenutest.tomenu(Topmenutest.java:27)
at java.base/java.util.ArrayList.forEach(ArrayList.java:1597)
... Removed 31 stack frames]]>
    </failure>
  </testcase> <!-- tomenu -->
  <testcase classname="Test.Topmenutest" name="tomenu" time="17.515">
    <failure type="java.lang.AssertionError" message="expected [Gift Ideas 2024: Best Gifts to Give This Year - Best Buy] but found [Best Buy | Official Online Store | Shop Now &amp;amp; Save]">
      <![CDATA[java.lang.AssertionError: expected [Gift Ideas 2024: Best Gifts to Give This Year - Best Buy] but found [Best Buy | Official Online Store | Shop Now & Save]
at Page.Topmenupage.elementselect(Topmenupage.java:89)
at Test.Topmenutest.tomenu(Topmenutest.java:27)
at java.base/java.util.ArrayList.forEach(ArrayList.java:1597)
... Removed 31 stack frames]]>
    </failure>
  </testcase> <!-- tomenu -->
  <testcase classname="Test.Topmenutest" name="tomenu" time="7.875">
    <failure type="java.lang.AssertionError" message="expected [Best Buy Outlet: Clearance Electronics Outlet Store – Best Buy] but found [Best Buy | Official Online Store | Shop Now &amp;amp; Save]">
      <![CDATA[java.lang.AssertionError: expected [Best Buy Outlet: Clearance Electronics Outlet Store – Best Buy] but found [Best Buy | Official Online Store | Shop Now & Save]
at Page.Topmenupage.elementselect(Topmenupage.java:75)
at Test.Topmenutest.tomenu(Topmenutest.java:27)
at java.base/java.util.ArrayList.forEach(ArrayList.java:1597)
... Removed 31 stack frames]]>
    </failure>
  </testcase> <!-- tomenu -->
  <testcase classname="Test.Topmenutest" name="tomenu" time="7.066">
    <failure type="java.lang.AssertionError" message="expected [Best Buy for Business - Best Buy] but found [Best Buy | Official Online Store | Shop Now &amp;amp; Save]">
      <![CDATA[java.lang.AssertionError: expected [Best Buy for Business - Best Buy] but found [Best Buy | Official Online Store | Shop Now & Save]
at Page.Topmenupage.elementselect(Topmenupage.java:75)
at Test.Topmenutest.tomenu(Topmenutest.java:27)
at java.base/java.util.ArrayList.forEach(ArrayList.java:1597)
... Removed 31 stack frames]]>
    </failure>
  </testcase> <!-- tomenu -->
  <testcase classname="Test.Topmenutest" name="tomenu" time="9.942">
    <failure type="java.lang.AssertionError" message="expected [Shop with an Expert - Best Buy] but found [Best Buy | Official Online Store | Shop Now &amp;amp; Save]">
      <![CDATA[java.lang.AssertionError: expected [Shop with an Expert - Best Buy] but found [Best Buy | Official Online Store | Shop Now & Save]
at Page.Topmenupage.elementselect(Topmenupage.java:75)
at Test.Topmenutest.tomenu(Topmenutest.java:27)
at java.base/java.util.ArrayList.forEach(ArrayList.java:1597)
... Removed 31 stack frames]]>
    </failure>
  </testcase> <!-- tomenu -->
  <testcase classname="Test.Topmenutest" name="tomenu" time="6.077">
    <failure type="java.lang.AssertionError" message="expected [Cart - Best Buy] but found [Best Buy | Official Online Store | Shop Now &amp;amp; Save]">
      <![CDATA[java.lang.AssertionError: expected [Cart - Best Buy] but found [Best Buy | Official Online Store | Shop Now & Save]
at Page.Topmenupage.elementselect(Topmenupage.java:75)
at Test.Topmenutest.tomenu(Topmenutest.java:27)
at java.base/java.util.ArrayList.forEach(ArrayList.java:1597)
... Removed 31 stack frames]]>
    </failure>
  </testcase> <!-- tomenu -->
  <testcase classname="Test.Topmenutest" name="tomenu" time="8.855">
    <failure type="java.lang.AssertionError" message="expected [Best Buy Top Deals] but found [Best Buy | Official Online Store | Shop Now &amp;amp; Save]">
      <![CDATA[java.lang.AssertionError: expected [Best Buy Top Deals] but found [Best Buy | Official Online Store | Shop Now & Save]
at Page.Topmenupage.elementselect(Topmenupage.java:75)
at Test.Topmenutest.tomenu(Topmenutest.java:27)
at java.base/java.util.ArrayList.forEach(ArrayList.java:1597)
... Removed 31 stack frames]]>
    </failure>
  </testcase> <!-- tomenu -->
  <testcase classname="Test.Topmenutest" name="tomenu" time="7.58">
    <failure type="java.lang.AssertionError" message="expected [Deal of the Day: Electronics Deals - Best Buy] but found [Best Buy | Official Online Store | Shop Now &amp;amp; Save]">
      <![CDATA[java.lang.AssertionError: expected [Deal of the Day: Electronics Deals - Best Buy] but found [Best Buy | Official Online Store | Shop Now & Save]
at Page.Topmenupage.elementselect(Topmenupage.java:75)
at Test.Topmenutest.tomenu(Topmenutest.java:27)
at java.base/java.util.ArrayList.forEach(ArrayList.java:1597)
... Removed 31 stack frames]]>
    </failure>
  </testcase> <!-- tomenu -->
  <testcase classname="Test.Topmenutest" name="tomenu" time="6.204">
    <failure type="java.lang.AssertionError" message="expected [Yes, Best Buy Sells That – Best Buy] but found [Best Buy | Official Online Store | Shop Now &amp;amp; Save]">
      <![CDATA[java.lang.AssertionError: expected [Yes, Best Buy Sells That – Best Buy] but found [Best Buy | Official Online Store | Shop Now & Save]
at Page.Topmenupage.elementselect(Topmenupage.java:75)
at Test.Topmenutest.tomenu(Topmenutest.java:27)
at java.base/java.util.ArrayList.forEach(ArrayList.java:1597)
... Removed 31 stack frames]]>
    </failure>
  </testcase> <!-- tomenu -->
  <testcase classname="Test.Topmenutest" name="tomenu" time="8.82">
    <failure type="java.lang.AssertionError" message="expected [My Best Buy Memberships] but found [Best Buy | Official Online Store | Shop Now &amp;amp; Save]">
      <![CDATA[java.lang.AssertionError: expected [My Best Buy Memberships] but found [Best Buy | Official Online Store | Shop Now & Save]
at Page.Topmenupage.elementselect(Topmenupage.java:75)
at Test.Topmenutest.tomenu(Topmenutest.java:27)
at java.base/java.util.ArrayList.forEach(ArrayList.java:1597)
... Removed 31 stack frames]]>
    </failure>
  </testcase> <!-- tomenu -->
</testsuite> <!-- Test7 -->
