<?xml version="1.0" encoding="UTF-8"?>
<!-- Generated by org.testng.reporters.JUnitXMLReporter -->
<testsuite ignored="0" hostname="DESKTOP-HIN4ESK" failures="11" tests="11" name="Test8" time="162.879" errors="0" timestamp="2024-09-20T09:29:35 IST">
  <testcase classname="Test.Bottomlinktest" name="bottommenu" time="3.734">
    <failure type="java.lang.AssertionError" message="expected [Accessibility - Best Buy] but found [Best Buy | Official Online Store | Shop Now &amp;amp; Save]">
      <![CDATA[java.lang.AssertionError: expected [Accessibility - Best Buy] but found [Best Buy | Official Online Store | Shop Now & Save]
at Page.Bottomlinkpage.bottomlinks(Bottomlinkpage.java:53)
at Test.Bottomlinktest.bottommenu(Bottomlinktest.java:24)
at java.base/java.util.ArrayList.forEach(ArrayList.java:1597)
... Removed 31 stack frames]]>
    </failure>
  </testcase> <!-- bottommenu -->
  <testcase classname="Test.Bottomlinktest" name="bottommenu" time="5.939">
    <failure type="java.lang.AssertionError" message="expected [BestBuy.com Terms and Conditions] but found [Best Buy | Official Online Store | Shop Now &amp;amp; Save]">
      <![CDATA[java.lang.AssertionError: expected [BestBuy.com Terms and Conditions] but found [Best Buy | Official Online Store | Shop Now & Save]
at Page.Bottomlinkpage.bottomlinks(Bottomlinkpage.java:53)
at Test.Bottomlinktest.bottommenu(Bottomlinktest.java:24)
at java.base/java.util.ArrayList.forEach(ArrayList.java:1597)
... Removed 31 stack frames]]>
    </failure>
  </testcase> <!-- bottommenu -->
  <testcase classname="Test.Bottomlinktest" name="bottommenu" time="4.488">
    <failure type="java.lang.AssertionError" message="expected [Privacy Policy Hub - Best Buy] but found [Best Buy | Official Online Store | Shop Now &amp;amp; Save]">
      <![CDATA[java.lang.AssertionError: expected [Privacy Policy Hub - Best Buy] but found [Best Buy | Official Online Store | Shop Now & Save]
at Page.Bottomlinkpage.bottomlinks(Bottomlinkpage.java:53)
at Test.Bottomlinktest.bottommenu(Bottomlinktest.java:24)
at java.base/java.util.ArrayList.forEach(ArrayList.java:1597)
... Removed 31 stack frames]]>
    </failure>
  </testcase> <!-- bottommenu -->
  <testcase classname="Test.Bottomlinktest" name="bottommenu" time="4.292">
    <failure type="java.lang.AssertionError" message="expected [Interest-Based Ads - Best Buy] but found [Best Buy | Official Online Store | Shop Now &amp;amp; Save]">
      <![CDATA[java.lang.AssertionError: expected [Interest-Based Ads - Best Buy] but found [Best Buy | Official Online Store | Shop Now & Save]
at Page.Bottomlinkpage.bottomlinks(Bottomlinkpage.java:53)
at Test.Bottomlinktest.bottommenu(Bottomlinktest.java:24)
at java.base/java.util.ArrayList.forEach(ArrayList.java:1597)
... Removed 31 stack frames]]>
    </failure>
  </testcase> <!-- bottommenu -->
  <testcase classname="Test.Bottomlinktest" name="bottommenu" time="3.968">
    <failure type="java.lang.AssertionError" message="expected [State Privacy Rights - Best Buy] but found [Best Buy | Official Online Store | Shop Now &amp;amp; Save]">
      <![CDATA[java.lang.AssertionError: expected [State Privacy Rights - Best Buy] but found [Best Buy | Official Online Store | Shop Now & Save]
at Page.Bottomlinkpage.bottomlinks(Bottomlinkpage.java:53)
at Test.Bottomlinktest.bottommenu(Bottomlinktest.java:24)
at java.base/java.util.ArrayList.forEach(ArrayList.java:1597)
... Removed 31 stack frames]]>
    </failure>
  </testcase> <!-- bottommenu -->
  <testcase classname="Test.Bottomlinktest" name="bottommenu" time="2.678">
    <failure type="java.lang.AssertionError" message="expected [Health Data Privacy Information - Best Buy] but found [Best Buy | Official Online Store | Shop Now &amp;amp; Save]">
      <![CDATA[java.lang.AssertionError: expected [Health Data Privacy Information - Best Buy] but found [Best Buy | Official Online Store | Shop Now & Save]
at Page.Bottomlinkpage.bottomlinks(Bottomlinkpage.java:53)
at Test.Bottomlinktest.bottommenu(Bottomlinktest.java:24)
at java.base/java.util.ArrayList.forEach(ArrayList.java:1597)
... Removed 31 stack frames]]>
    </failure>
  </testcase> <!-- bottommenu -->
  <testcase classname="Test.Bottomlinktest" name="bottommenu" time="4.726">
    <failure type="java.lang.AssertionError" message="expected [Start Request - Best Buy] but found [Best Buy | Official Online Store | Shop Now &amp;amp; Save]">
      <![CDATA[java.lang.AssertionError: expected [Start Request - Best Buy] but found [Best Buy | Official Online Store | Shop Now & Save]
at Page.Bottomlinkpage.bottomlinks(Bottomlinkpage.java:53)
at Test.Bottomlinktest.bottommenu(Bottomlinktest.java:24)
at java.base/java.util.ArrayList.forEach(ArrayList.java:1597)
... Removed 31 stack frames]]>
    </failure>
  </testcase> <!-- bottommenu -->
  <testcase classname="Test.Bottomlinktest" name="bottommenu" time="4.666">
    <failure type="java.lang.AssertionError" message="expected [Best Buy] but found [Best Buy | Official Online Store | Shop Now &amp;amp; Save]">
      <![CDATA[java.lang.AssertionError: expected [Best Buy] but found [Best Buy | Official Online Store | Shop Now & Save]
at Page.Bottomlinkpage.bottomlinks(Bottomlinkpage.java:53)
at Test.Bottomlinktest.bottommenu(Bottomlinktest.java:24)
at java.base/java.util.ArrayList.forEach(ArrayList.java:1597)
... Removed 31 stack frames]]>
    </failure>
  </testcase> <!-- bottommenu -->
  <testcase classname="Test.Bottomlinktest" name="bottommenu" time="4.139">
    <failure type="java.lang.AssertionError" message="expected [Start Request - Best Buy] but found [Best Buy | Official Online Store | Shop Now &amp;amp; Save]">
      <![CDATA[java.lang.AssertionError: expected [Start Request - Best Buy] but found [Best Buy | Official Online Store | Shop Now & Save]
at Page.Bottomlinkpage.bottomlinks(Bottomlinkpage.java:53)
at Test.Bottomlinktest.bottommenu(Bottomlinktest.java:24)
at java.base/java.util.ArrayList.forEach(ArrayList.java:1597)
... Removed 31 stack frames]]>
    </failure>
  </testcase> <!-- bottommenu -->
  <testcase classname="Test.Bottomlinktest" name="bottommenu" time="2.927">
    <failure type="java.lang.AssertionError" message="expected [California Supply Chain Transparency Act - Best Buy] but found [Best Buy | Official Online Store | Shop Now &amp;amp; Save]">
      <![CDATA[java.lang.AssertionError: expected [California Supply Chain Transparency Act - Best Buy] but found [Best Buy | Official Online Store | Shop Now & Save]
at Page.Bottomlinkpage.bottomlinks(Bottomlinkpage.java:53)
at Test.Bottomlinktest.bottommenu(Bottomlinktest.java:24)
at java.base/java.util.ArrayList.forEach(ArrayList.java:1597)
... Removed 31 stack frames]]>
    </failure>
  </testcase> <!-- bottommenu -->
  <testcase classname="Test.Searchbtncarttest" name="addtocart" time="71.096">
    <failure type="org.openqa.selenium.TimeoutException" message="Expected condition failed: waiting for visibility of Proxy element for: DefaultElementLocator &amp;apos;By.xpath: //span[.=&amp;apos;Added to cart&amp;apos;]&amp;apos; (tried for 60 second(s) with 500 milliseconds interval)">
      <![CDATA[org.openqa.selenium.TimeoutException: Expected condition failed: waiting for visibility of Proxy element for: DefaultElementLocator 'By.xpath: //span[.='Added to cart']' (tried for 60 second(s) with 500 milliseconds interval)
at org.openqa.selenium.support.ui.WebDriverWait.timeoutException(WebDriverWait.java:84)
at org.openqa.selenium.support.ui.FluentWait.until(FluentWait.java:228)
at Utility.utils.xpathvisible(utils.java:198)
at Page.Searchbtnandcartpage.lenevolaptop(Searchbtnandcartpage.java:45)
at Test.Searchbtncarttest.addtocart(Searchbtncarttest.java:18)
at java.base/java.util.ArrayList.forEach(ArrayList.java:1597)
Caused by: org.openqa.selenium.NoSuchElementException: Unable to locate element: //span[.='Added to cart']
For documentation on this error, please visit: https://www.selenium.dev/documentation/webdriver/troubleshooting/errors#no-such-element-exception
Build info: version: '4.18.1', revision: 'b1d3319b48'
System info: os.name: 'Windows 11', os.arch: 'amd64', os.version: '10.0', java.version: '22.0.1'
Driver info: org.openqa.selenium.firefox.FirefoxDriver
Command: [a4013b7d-067a-4d12-b7b3-4ba93e834ff5, findElement {value=//span[.='Added to cart'], using=xpath}]
Capabilities {acceptInsecureCerts: true, browserName: firefox, browserVersion: 130.0.1, moz:accessibilityChecks: false, moz:buildID: 20240913135723, moz:geckodriverVersion: 0.35.0, moz:headless: false, moz:platformVersion: 10.0, moz:processID: 22824, moz:profile: C:\Users\harin\AppData\Loca..., moz:shutdownTimeout: 60000, moz:webdriverClick: true, moz:windowless: false, pageLoadStrategy: normal, platformName: windows, proxy: Proxy(), setWindowRect: true, strictFileInteractability: false, timeouts: {implicit: 0, pageLoad: 300000, script: 30000}, unhandledPromptBehavior: dismiss and notify, userAgent: Mozilla/5.0 (Windows NT 10....}
Session ID: a4013b7d-067a-4d12-b7b3-4ba93e834ff5
at org.openqa.selenium.remote.ErrorCodec.decode(ErrorCodec.java:167)
at org.openqa.selenium.remote.codec.w3c.W3CHttpResponseCodec.decode(W3CHttpResponseCodec.java:138)
at org.openqa.selenium.remote.codec.w3c.W3CHttpResponseCodec.decode(W3CHttpResponseCodec.java:50)
at org.openqa.selenium.remote.HttpCommandExecutor.execute(HttpCommandExecutor.java:190)
at org.openqa.selenium.remote.service.DriverCommandExecutor.invokeExecute(DriverCommandExecutor.java:216)
at org.openqa.selenium.remote.service.DriverCommandExecutor.execute(DriverCommandExecutor.java:174)
at org.openqa.selenium.remote.RemoteWebDriver.execute(RemoteWebDriver.java:519)
at org.openqa.selenium.remote.ElementLocation$ElementFinder$2.findElement(ElementLocation.java:165)
at org.openqa.selenium.remote.ElementLocation.findElement(ElementLocation.java:59)
at org.openqa.selenium.remote.RemoteWebDriver.findElement(RemoteWebDriver.java:356)
at org.openqa.selenium.remote.RemoteWebDriver.findElement(RemoteWebDriver.java:350)
at org.openqa.selenium.support.pagefactory.DefaultElementLocator.findElement(DefaultElementLocator.java:68)
at org.openqa.selenium.support.pagefactory.internal.LocatingElementHandler.invoke(LocatingElementHandler.java:38)
at jdk.proxy2/jdk.proxy2.$Proxy20.isDisplayed(Unknown Source)
at org.openqa.selenium.support.ui.ExpectedConditions.elementIfVisible(ExpectedConditions.java:304)
at org.openqa.selenium.support.ui.ExpectedConditions$10.apply(ExpectedConditions.java:290)
at org.openqa.selenium.support.ui.ExpectedConditions$10.apply(ExpectedConditions.java:287)
at org.openqa.selenium.support.ui.FluentWait.until(FluentWait.java:203)
... 29 more
... Removed 28 stack frames]]>
    </failure>
  </testcase> <!-- addtocart -->
</testsuite> <!-- Test8 -->
