<?xml version="1.0" encoding="UTF-8"?>
<!-- Generated by org.testng.reporters.JUnitXMLReporter -->
<testsuite ignored="0" hostname="DESKTOP-HIN4ESK" failures="1" tests="15" name="Test2" time="280.833" errors="0" timestamp="2024-09-21T16:24:31 IST">
  <testcase classname="Test.LoginTest" name="logintest" time="14.313"/>
  <testcase classname="Test.LoginTest" name="logintest" time="12.217"/>
  <testcase classname="Test.LoginTest" name="logintest" time="49.789">
    <failure type="org.openqa.selenium.TimeoutException" message="Expected condition failed: waiting for visibility of element located by By.xpath: //h1[.=&amp;apos;Verify Your Account&amp;apos;] (tried for 40 second(s) with 500 milliseconds interval)
Build info: version: &amp;apos;4.18.1&amp;apos;, revision: &amp;apos;b1d3319b48&amp;apos;
System info: os.name: &amp;apos;Windows 11&amp;apos;, os.arch: &amp;apos;amd64&amp;apos;, os.version: &amp;apos;10.0&amp;apos;, java.version: &amp;apos;22.0.1&amp;apos;
Driver info: org.openqa.selenium.chrome.ChromeDriver
Capabilities {acceptInsecureCerts: false, browserName: chrome, browserVersion: 128.0.6613.139, chrome: {chromedriverVersion: 128.0.6613.137 (fe621c5aa2d..., userDataDir: C:\Users\harin\AppData\Loca...}, fedcm:accounts: true, goog:chromeOptions: {debuggerAddress: localhost:50322}, networkConnectionEnabled: false, pageLoadStrategy: normal, platformName: windows, proxy: Proxy(), se:cdp: ws://localhost:50322/devtoo..., se:cdpVersion: 128.0.6613.139, setWindowRect: true, strictFileInteractability: false, timeouts: {implicit: 0, pageLoad: 300000, script: 30000}, unhandledPromptBehavior: dismiss and notify, webauthn:extension:credBlob: true, webauthn:extension:largeBlob: true, webauthn:extension:minPinLength: true, webauthn:extension:prf: true, webauthn:virtualAuthenticators: true}
Session ID: 21ce8117c6ab522804c2b00a5c6827fb">
      <![CDATA[org.openqa.selenium.TimeoutException: Expected condition failed: waiting for visibility of element located by By.xpath: //h1[.='Verify Your Account'] (tried for 40 second(s) with 500 milliseconds interval)
Build info: version: '4.18.1', revision: 'b1d3319b48'
System info: os.name: 'Windows 11', os.arch: 'amd64', os.version: '10.0', java.version: '22.0.1'
Driver info: org.openqa.selenium.chrome.ChromeDriver
Capabilities {acceptInsecureCerts: false, browserName: chrome, browserVersion: 128.0.6613.139, chrome: {chromedriverVersion: 128.0.6613.137 (fe621c5aa2d..., userDataDir: C:\Users\harin\AppData\Loca...}, fedcm:accounts: true, goog:chromeOptions: {debuggerAddress: localhost:50322}, networkConnectionEnabled: false, pageLoadStrategy: normal, platformName: windows, proxy: Proxy(), se:cdp: ws://localhost:50322/devtoo..., se:cdpVersion: 128.0.6613.139, setWindowRect: true, strictFileInteractability: false, timeouts: {implicit: 0, pageLoad: 300000, script: 30000}, unhandledPromptBehavior: dismiss and notify, webauthn:extension:credBlob: true, webauthn:extension:largeBlob: true, webauthn:extension:minPinLength: true, webauthn:extension:prf: true, webauthn:virtualAuthenticators: true}
Session ID: 21ce8117c6ab522804c2b00a5c6827fb
at org.openqa.selenium.support.ui.WebDriverWait.timeoutException(WebDriverWait.java:84)
at org.openqa.selenium.support.ui.FluentWait.until(FluentWait.java:228)
at Utility.utils.actandexpec(utils.java:174)
at Test.LoginTest.logintest(LoginTest.java:33)
at java.base/java.util.ArrayList.forEach(ArrayList.java:1597)
... Removed 29 stack frames]]>
    </failure>
  </testcase> <!-- logintest -->
  <testcase classname="Test.LoginTest" name="logintest" time="17.431"/>
  <testcase classname="Test.Topmenutest" name="tomenu" time="20.574"/>
  <testcase classname="Test.Topmenutest" name="tomenu" time="20.628"/>
  <testcase classname="Test.Topmenutest" name="tomenu" time="21.778"/>
  <testcase classname="Test.Topmenutest" name="tomenu" time="10.725"/>
  <testcase classname="Test.Topmenutest" name="tomenu" time="11.446"/>
  <testcase classname="Test.Topmenutest" name="tomenu" time="12.606"/>
  <testcase classname="Test.Topmenutest" name="tomenu" time="14.379"/>
  <testcase classname="Test.Topmenutest" name="tomenu" time="11.358"/>
  <testcase classname="Test.Topmenutest" name="tomenu" time="11.805"/>
  <testcase classname="Test.Topmenutest" name="tomenu" time="10.996"/>
  <testcase classname="Test.Topmenutest" name="tomenu" time="10.971"/>
</testsuite> <!-- Test2 -->
